{"/Users/ritvik_mahajan/Documents/eval-2/database/models/compy.js": {"path":"/Users/ritvik_mahajan/Documents/eval-2/database/models/compy.js","statementMap":{"0":{"start":{"line":4,"column":4},"end":{"line":4,"column":24}},"1":{"start":{"line":5,"column":0},"end":{"line":29,"column":2}},"2":{"start":{"line":16,"column":2},"end":{"line":27,"column":5}},"3":{"start":{"line":28,"column":2},"end":{"line":28,"column":15}}},"fnMap":{"0":{"name":"(anonymous_0)","decl":{"start":{"line":5,"column":17},"end":{"line":5,"column":18}},"loc":{"start":{"line":5,"column":43},"end":{"line":29,"column":1}},"line":5},"1":{"name":"(anonymous_1)","decl":{"start":{"line":12,"column":4},"end":{"line":12,"column":5}},"loc":{"start":{"line":12,"column":29},"end":{"line":14,"column":5}},"line":12}},"branchMap":{},"s":{"0":2,"1":2,"2":2,"3":2},"f":{"0":2,"1":2},"b":{},"_coverageSchema":"1a1c01bbd47fc00a2c39e90264f33305004495a9","hash":"0bad21028c16491c6c788e8e66e0416fba593bbf"}
,"/Users/ritvik_mahajan/Documents/eval-2/database/models/index.js": {"path":"/Users/ritvik_mahajan/Documents/eval-2/database/models/index.js","statementMap":{"0":{"start":{"line":3,"column":11},"end":{"line":3,"column":24}},"1":{"start":{"line":4,"column":13},"end":{"line":4,"column":28}},"2":{"start":{"line":5,"column":18},"end":{"line":5,"column":38}},"3":{"start":{"line":6,"column":16},"end":{"line":6,"column":34}},"4":{"start":{"line":7,"column":17},"end":{"line":7,"column":42}},"5":{"start":{"line":8,"column":12},"end":{"line":8,"column":49}},"6":{"start":{"line":9,"column":15},"end":{"line":9,"column":65}},"7":{"start":{"line":10,"column":11},"end":{"line":10,"column":13}},"8":{"start":{"line":13,"column":0},"end":{"line":17,"column":1}},"9":{"start":{"line":14,"column":2},"end":{"line":14,"column":74}},"10":{"start":{"line":16,"column":2},"end":{"line":16,"column":87}},"11":{"start":{"line":19,"column":0},"end":{"line":32,"column":5}},"12":{"start":{"line":22,"column":4},"end":{"line":27,"column":6}},"13":{"start":{"line":30,"column":18},"end":{"line":30,"column":85}},"14":{"start":{"line":31,"column":4},"end":{"line":31,"column":27}},"15":{"start":{"line":34,"column":0},"end":{"line":38,"column":3}},"16":{"start":{"line":35,"column":2},"end":{"line":37,"column":3}},"17":{"start":{"line":36,"column":4},"end":{"line":36,"column":32}},"18":{"start":{"line":40,"column":0},"end":{"line":40,"column":25}},"19":{"start":{"line":41,"column":0},"end":{"line":41,"column":25}},"20":{"start":{"line":43,"column":0},"end":{"line":43,"column":20}}},"fnMap":{"0":{"name":"(anonymous_0)","decl":{"start":{"line":21,"column":10},"end":{"line":21,"column":11}},"loc":{"start":{"line":21,"column":18},"end":{"line":28,"column":3}},"line":21},"1":{"name":"(anonymous_1)","decl":{"start":{"line":29,"column":11},"end":{"line":29,"column":12}},"loc":{"start":{"line":29,"column":19},"end":{"line":32,"column":3}},"line":29},"2":{"name":"(anonymous_2)","decl":{"start":{"line":34,"column":24},"end":{"line":34,"column":25}},"loc":{"start":{"line":34,"column":37},"end":{"line":38,"column":1}},"line":34}},"branchMap":{"0":{"loc":{"start":{"line":8,"column":12},"end":{"line":8,"column":49}},"type":"binary-expr","locations":[{"start":{"line":8,"column":12},"end":{"line":8,"column":32}},{"start":{"line":8,"column":36},"end":{"line":8,"column":49}}],"line":8},"1":{"loc":{"start":{"line":13,"column":0},"end":{"line":17,"column":1}},"type":"if","locations":[{"start":{"line":13,"column":0},"end":{"line":17,"column":1}},{"start":{"line":15,"column":7},"end":{"line":17,"column":1}}],"line":13},"2":{"loc":{"start":{"line":23,"column":6},"end":{"line":26,"column":37}},"type":"binary-expr","locations":[{"start":{"line":23,"column":6},"end":{"line":23,"column":29}},{"start":{"line":24,"column":6},"end":{"line":24,"column":23}},{"start":{"line":25,"column":6},"end":{"line":25,"column":30}},{"start":{"line":26,"column":6},"end":{"line":26,"column":37}}],"line":23},"3":{"loc":{"start":{"line":35,"column":2},"end":{"line":37,"column":3}},"type":"if","locations":[{"start":{"line":35,"column":2},"end":{"line":37,"column":3}},{"start":{},"end":{}}],"line":35}},"s":{"0":2,"1":2,"2":2,"3":2,"4":2,"5":2,"6":2,"7":2,"8":2,"9":0,"10":2,"11":2,"12":4,"13":2,"14":2,"15":2,"16":2,"17":2,"18":2,"19":2,"20":2},"f":{"0":4,"1":2,"2":2},"b":{"0":[2,0],"1":[0,2],"2":[4,4,2,2],"3":[2,0]},"_coverageSchema":"1a1c01bbd47fc00a2c39e90264f33305004495a9","hash":"dc661963e547c602bd79803d753b457cb365c807"}
,"/Users/ritvik_mahajan/Documents/eval-2/src/Utils/error.js": {"path":"/Users/ritvik_mahajan/Documents/eval-2/src/Utils/error.js","statementMap":{"0":{"start":{"line":3,"column":8},"end":{"line":3,"column":23}},"1":{"start":{"line":4,"column":8},"end":{"line":4,"column":31}},"2":{"start":{"line":5,"column":8},"end":{"line":5,"column":25}},"3":{"start":{"line":9,"column":0},"end":{"line":11,"column":2}}},"fnMap":{"0":{"name":"(anonymous_0)","decl":{"start":{"line":2,"column":4},"end":{"line":2,"column":5}},"loc":{"start":{"line":2,"column":32},"end":{"line":6,"column":5}},"line":2}},"branchMap":{},"s":{"0":2,"1":2,"2":2,"3":1},"f":{"0":2},"b":{},"_coverageSchema":"1a1c01bbd47fc00a2c39e90264f33305004495a9","hash":"8143112f62109fbe940d1be78bdce14b5bf46d00"}
,"/Users/ritvik_mahajan/Documents/eval-2/src/Utils/utils.js": {"path":"/Users/ritvik_mahajan/Documents/eval-2/src/Utils/utils.js","statementMap":{"0":{"start":{"line":1,"column":14},"end":{"line":1,"column":38}},"1":{"start":{"line":3,"column":16},"end":{"line":25,"column":1}},"2":{"start":{"line":5,"column":14},"end":{"line":5,"column":29}},"3":{"start":{"line":7,"column":17},"end":{"line":7,"column":19}},"4":{"start":{"line":8,"column":16},"end":{"line":8,"column":35}},"5":{"start":{"line":10,"column":4},"end":{"line":21,"column":5}},"6":{"start":{"line":10,"column":14},"end":{"line":10,"column":15}},"7":{"start":{"line":12,"column":18},"end":{"line":12,"column":20}},"8":{"start":{"line":13,"column":24},"end":{"line":13,"column":43}},"9":{"start":{"line":15,"column":8},"end":{"line":17,"column":9}},"10":{"start":{"line":15,"column":18},"end":{"line":15,"column":19}},"11":{"start":{"line":16,"column":12},"end":{"line":16,"column":45}},"12":{"start":{"line":19,"column":8},"end":{"line":19,"column":25}},"13":{"start":{"line":24,"column":4},"end":{"line":24,"column":18}},"14":{"start":{"line":27,"column":19},"end":{"line":86,"column":1}},"15":{"start":{"line":29,"column":21},"end":{"line":29,"column":68}},"16":{"start":{"line":30,"column":17},"end":{"line":30,"column":30}},"17":{"start":{"line":31,"column":21},"end":{"line":31,"column":34}},"18":{"start":{"line":33,"column":23},"end":{"line":33,"column":25}},"19":{"start":{"line":34,"column":25},"end":{"line":34,"column":27}},"20":{"start":{"line":35,"column":4},"end":{"line":69,"column":5}},"21":{"start":{"line":35,"column":20},"end":{"line":35,"column":21}},"22":{"start":{"line":36,"column":17},"end":{"line":36,"column":42}},"23":{"start":{"line":37,"column":21},"end":{"line":37,"column":50}},"24":{"start":{"line":39,"column":8},"end":{"line":68,"column":11}},"25":{"start":{"line":40,"column":34},"end":{"line":40,"column":43}},"26":{"start":{"line":41,"column":12},"end":{"line":41,"column":50}},"27":{"start":{"line":42,"column":33},"end":{"line":42,"column":42}},"28":{"start":{"line":43,"column":12},"end":{"line":43,"column":52}},"29":{"start":{"line":45,"column":12},"end":{"line":67,"column":15}},"30":{"start":{"line":47,"column":16},"end":{"line":66,"column":17}},"31":{"start":{"line":48,"column":32},"end":{"line":48,"column":33}},"32":{"start":{"line":49,"column":20},"end":{"line":62,"column":23}},"33":{"start":{"line":50,"column":24},"end":{"line":52,"column":25}},"34":{"start":{"line":51,"column":28},"end":{"line":51,"column":52}},"35":{"start":{"line":53,"column":24},"end":{"line":55,"column":25}},"36":{"start":{"line":54,"column":28},"end":{"line":54,"column":54}},"37":{"start":{"line":56,"column":24},"end":{"line":58,"column":25}},"38":{"start":{"line":57,"column":28},"end":{"line":57,"column":52}},"39":{"start":{"line":59,"column":24},"end":{"line":61,"column":25}},"40":{"start":{"line":60,"column":28},"end":{"line":60,"column":51}},"41":{"start":{"line":64,"column":20},"end":{"line":64,"column":37}},"42":{"start":{"line":65,"column":20},"end":{"line":65,"column":80}},"43":{"start":{"line":71,"column":4},"end":{"line":83,"column":5}},"44":{"start":{"line":71,"column":19},"end":{"line":71,"column":20}},"45":{"start":{"line":72,"column":19},"end":{"line":72,"column":41}},"46":{"start":{"line":73,"column":8},"end":{"line":73,"column":66}},"47":{"start":{"line":74,"column":8},"end":{"line":74,"column":41}},"48":{"start":{"line":75,"column":8},"end":{"line":75,"column":71}},"49":{"start":{"line":76,"column":8},"end":{"line":82,"column":9}},"50":{"start":{"line":76,"column":22},"end":{"line":76,"column":23}},"51":{"start":{"line":77,"column":28},"end":{"line":77,"column":47}},"52":{"start":{"line":79,"column":12},"end":{"line":81,"column":13}},"53":{"start":{"line":80,"column":16},"end":{"line":80,"column":80}},"54":{"start":{"line":85,"column":4},"end":{"line":85,"column":26}},"55":{"start":{"line":88,"column":19},"end":{"line":92,"column":1}},"56":{"start":{"line":89,"column":4},"end":{"line":91,"column":7}},"57":{"start":{"line":90,"column":8},"end":{"line":90,"column":42}},"58":{"start":{"line":94,"column":0},"end":{"line":98,"column":2}}},"fnMap":{"0":{"name":"(anonymous_0)","decl":{"start":{"line":3,"column":16},"end":{"line":3,"column":17}},"loc":{"start":{"line":3,"column":25},"end":{"line":25,"column":1}},"line":3},"1":{"name":"(anonymous_1)","decl":{"start":{"line":27,"column":19},"end":{"line":27,"column":20}},"loc":{"start":{"line":27,"column":34},"end":{"line":86,"column":1}},"line":27},"2":{"name":"(anonymous_2)","decl":{"start":{"line":39,"column":137},"end":{"line":39,"column":138}},"loc":{"start":{"line":39,"column":147},"end":{"line":68,"column":9}},"line":39},"3":{"name":"(anonymous_3)","decl":{"start":{"line":45,"column":38},"end":{"line":45,"column":39}},"loc":{"start":{"line":45,"column":46},"end":{"line":67,"column":13}},"line":45},"4":{"name":"(anonymous_4)","decl":{"start":{"line":49,"column":50},"end":{"line":49,"column":51}},"loc":{"start":{"line":49,"column":57},"end":{"line":62,"column":21}},"line":49},"5":{"name":"(anonymous_5)","decl":{"start":{"line":88,"column":19},"end":{"line":88,"column":20}},"loc":{"start":{"line":88,"column":49},"end":{"line":92,"column":1}},"line":88},"6":{"name":"(anonymous_6)","decl":{"start":{"line":89,"column":41},"end":{"line":89,"column":42}},"loc":{"start":{"line":89,"column":46},"end":{"line":91,"column":5}},"line":89}},"branchMap":{"0":{"loc":{"start":{"line":47,"column":16},"end":{"line":66,"column":17}},"type":"if","locations":[{"start":{"line":47,"column":16},"end":{"line":66,"column":17}},{"start":{},"end":{}}],"line":47},"1":{"loc":{"start":{"line":50,"column":24},"end":{"line":52,"column":25}},"type":"if","locations":[{"start":{"line":50,"column":24},"end":{"line":52,"column":25}},{"start":{},"end":{}}],"line":50},"2":{"loc":{"start":{"line":53,"column":24},"end":{"line":55,"column":25}},"type":"if","locations":[{"start":{"line":53,"column":24},"end":{"line":55,"column":25}},{"start":{},"end":{}}],"line":53},"3":{"loc":{"start":{"line":56,"column":24},"end":{"line":58,"column":25}},"type":"if","locations":[{"start":{"line":56,"column":24},"end":{"line":58,"column":25}},{"start":{},"end":{}}],"line":56},"4":{"loc":{"start":{"line":59,"column":24},"end":{"line":61,"column":25}},"type":"if","locations":[{"start":{"line":59,"column":24},"end":{"line":61,"column":25}},{"start":{},"end":{}}],"line":59},"5":{"loc":{"start":{"line":79,"column":12},"end":{"line":81,"column":13}},"type":"if","locations":[{"start":{"line":79,"column":12},"end":{"line":81,"column":13}},{"start":{},"end":{}}],"line":79}},"s":{"0":2,"1":2,"2":0,"3":0,"4":0,"5":0,"6":0,"7":0,"8":0,"9":0,"10":0,"11":0,"12":0,"13":0,"14":2,"15":0,"16":0,"17":0,"18":0,"19":0,"20":0,"21":0,"22":0,"23":0,"24":0,"25":0,"26":0,"27":0,"28":0,"29":0,"30":0,"31":0,"32":0,"33":0,"34":0,"35":0,"36":0,"37":0,"38":0,"39":0,"40":0,"41":0,"42":0,"43":0,"44":0,"45":0,"46":0,"47":0,"48":0,"49":0,"50":0,"51":0,"52":0,"53":0,"54":0,"55":2,"56":1,"57":11,"58":2},"f":{"0":0,"1":0,"2":0,"3":0,"4":0,"5":1,"6":11},"b":{"0":[0,0],"1":[0,0],"2":[0,0],"3":[0,0],"4":[0,0],"5":[0,0]},"_coverageSchema":"1a1c01bbd47fc00a2c39e90264f33305004495a9","hash":"b5ec7dc238fef183228169412beb10f71d01e599"}
,"/Users/ritvik_mahajan/Documents/eval-2/src/controllers/companyController.js": {"path":"/Users/ritvik_mahajan/Documents/eval-2/src/controllers/companyController.js","statementMap":{"0":{"start":{"line":1,"column":17},"end":{"line":1,"column":55}},"1":{"start":{"line":2,"column":20},"end":{"line":2,"column":45}},"2":{"start":{"line":6,"column":20},"end":{"line":20,"column":1}},"3":{"start":{"line":7,"column":4},"end":{"line":19,"column":5}},"4":{"start":{"line":8,"column":26},"end":{"line":8,"column":34}},"5":{"start":{"line":9,"column":21},"end":{"line":9,"column":56}},"6":{"start":{"line":10,"column":8},"end":{"line":10,"column":35}},"7":{"start":{"line":13,"column":8},"end":{"line":18,"column":9}},"8":{"start":{"line":14,"column":12},"end":{"line":14,"column":68}},"9":{"start":{"line":17,"column":12},"end":{"line":17,"column":60}},"10":{"start":{"line":22,"column":20},"end":{"line":39,"column":1}},"11":{"start":{"line":23,"column":4},"end":{"line":38,"column":5}},"12":{"start":{"line":24,"column":25},"end":{"line":24,"column":34}},"13":{"start":{"line":25,"column":23},"end":{"line":25,"column":64}},"14":{"start":{"line":26,"column":8},"end":{"line":28,"column":9}},"15":{"start":{"line":27,"column":12},"end":{"line":27,"column":54}},"16":{"start":{"line":29,"column":8},"end":{"line":29,"column":37}},"17":{"start":{"line":32,"column":8},"end":{"line":37,"column":9}},"18":{"start":{"line":33,"column":12},"end":{"line":33,"column":68}},"19":{"start":{"line":36,"column":12},"end":{"line":36,"column":60}},"20":{"start":{"line":41,"column":22},"end":{"line":58,"column":1}},"21":{"start":{"line":42,"column":4},"end":{"line":57,"column":5}},"22":{"start":{"line":43,"column":21},"end":{"line":43,"column":31}},"23":{"start":{"line":44,"column":24},"end":{"line":44,"column":65}},"24":{"start":{"line":45,"column":8},"end":{"line":47,"column":9}},"25":{"start":{"line":46,"column":12},"end":{"line":46,"column":50}},"26":{"start":{"line":48,"column":8},"end":{"line":48,"column":38}},"27":{"start":{"line":51,"column":8},"end":{"line":56,"column":9}},"28":{"start":{"line":52,"column":12},"end":{"line":52,"column":68}},"29":{"start":{"line":55,"column":12},"end":{"line":55,"column":60}},"30":{"start":{"line":60,"column":0},"end":{"line":64,"column":2}}},"fnMap":{"0":{"name":"(anonymous_0)","decl":{"start":{"line":6,"column":20},"end":{"line":6,"column":21}},"loc":{"start":{"line":6,"column":40},"end":{"line":20,"column":1}},"line":6},"1":{"name":"(anonymous_1)","decl":{"start":{"line":22,"column":20},"end":{"line":22,"column":21}},"loc":{"start":{"line":22,"column":40},"end":{"line":39,"column":1}},"line":22},"2":{"name":"(anonymous_2)","decl":{"start":{"line":41,"column":22},"end":{"line":41,"column":23}},"loc":{"start":{"line":41,"column":42},"end":{"line":58,"column":1}},"line":41}},"branchMap":{"0":{"loc":{"start":{"line":13,"column":8},"end":{"line":18,"column":9}},"type":"if","locations":[{"start":{"line":13,"column":8},"end":{"line":18,"column":9}},{"start":{"line":16,"column":12},"end":{"line":18,"column":9}}],"line":13},"1":{"loc":{"start":{"line":26,"column":8},"end":{"line":28,"column":9}},"type":"if","locations":[{"start":{"line":26,"column":8},"end":{"line":28,"column":9}},{"start":{},"end":{}}],"line":26},"2":{"loc":{"start":{"line":32,"column":8},"end":{"line":37,"column":9}},"type":"if","locations":[{"start":{"line":32,"column":8},"end":{"line":37,"column":9}},{"start":{"line":35,"column":12},"end":{"line":37,"column":9}}],"line":32},"3":{"loc":{"start":{"line":45,"column":8},"end":{"line":47,"column":9}},"type":"if","locations":[{"start":{"line":45,"column":8},"end":{"line":47,"column":9}},{"start":{},"end":{}}],"line":45},"4":{"loc":{"start":{"line":51,"column":8},"end":{"line":56,"column":9}},"type":"if","locations":[{"start":{"line":51,"column":8},"end":{"line":56,"column":9}},{"start":{"line":54,"column":12},"end":{"line":56,"column":9}}],"line":51}},"s":{"0":1,"1":1,"2":1,"3":1,"4":1,"5":1,"6":1,"7":0,"8":0,"9":0,"10":1,"11":2,"12":2,"13":2,"14":2,"15":1,"16":1,"17":1,"18":1,"19":0,"20":1,"21":2,"22":2,"23":2,"24":2,"25":1,"26":1,"27":1,"28":1,"29":0,"30":1},"f":{"0":1,"1":2,"2":2},"b":{"0":[0,0],"1":[1,1],"2":[1,0],"3":[1,1],"4":[1,0]},"_coverageSchema":"1a1c01bbd47fc00a2c39e90264f33305004495a9","hash":"0c97cdf19d4751ee9631a5ec6d33396ecb1b1303"}
,"/Users/ritvik_mahajan/Documents/eval-2/src/middleware/companyMiddleware.js": {"path":"/Users/ritvik_mahajan/Documents/eval-2/src/middleware/companyMiddleware.js","statementMap":{"0":{"start":{"line":1,"column":12},"end":{"line":1,"column":26}},"1":{"start":{"line":3,"column":19},"end":{"line":5,"column":2}},"2":{"start":{"line":7,"column":26},"end":{"line":9,"column":2}},"3":{"start":{"line":11,"column":25},"end":{"line":13,"column":2}},"4":{"start":{"line":15,"column":29},"end":{"line":21,"column":1}},"5":{"start":{"line":16,"column":22},"end":{"line":16,"column":51}},"6":{"start":{"line":17,"column":4},"end":{"line":19,"column":5}},"7":{"start":{"line":18,"column":8},"end":{"line":18,"column":66}},"8":{"start":{"line":20,"column":4},"end":{"line":20,"column":11}},"9":{"start":{"line":23,"column":29},"end":{"line":29,"column":1}},"10":{"start":{"line":24,"column":22},"end":{"line":24,"column":59}},"11":{"start":{"line":25,"column":4},"end":{"line":27,"column":5}},"12":{"start":{"line":26,"column":8},"end":{"line":26,"column":66}},"13":{"start":{"line":28,"column":4},"end":{"line":28,"column":11}},"14":{"start":{"line":31,"column":28},"end":{"line":37,"column":1}},"15":{"start":{"line":32,"column":22},"end":{"line":32,"column":59}},"16":{"start":{"line":33,"column":4},"end":{"line":35,"column":5}},"17":{"start":{"line":34,"column":8},"end":{"line":34,"column":66}},"18":{"start":{"line":36,"column":4},"end":{"line":36,"column":11}},"19":{"start":{"line":39,"column":0},"end":{"line":43,"column":2}}},"fnMap":{"0":{"name":"(anonymous_0)","decl":{"start":{"line":15,"column":29},"end":{"line":15,"column":30}},"loc":{"start":{"line":15,"column":49},"end":{"line":21,"column":1}},"line":15},"1":{"name":"(anonymous_1)","decl":{"start":{"line":23,"column":29},"end":{"line":23,"column":30}},"loc":{"start":{"line":23,"column":49},"end":{"line":29,"column":1}},"line":23},"2":{"name":"(anonymous_2)","decl":{"start":{"line":31,"column":28},"end":{"line":31,"column":29}},"loc":{"start":{"line":31,"column":48},"end":{"line":37,"column":1}},"line":31}},"branchMap":{"0":{"loc":{"start":{"line":17,"column":4},"end":{"line":19,"column":5}},"type":"if","locations":[{"start":{"line":17,"column":4},"end":{"line":19,"column":5}},{"start":{},"end":{}}],"line":17},"1":{"loc":{"start":{"line":25,"column":4},"end":{"line":27,"column":5}},"type":"if","locations":[{"start":{"line":25,"column":4},"end":{"line":27,"column":5}},{"start":{},"end":{}}],"line":25},"2":{"loc":{"start":{"line":33,"column":4},"end":{"line":35,"column":5}},"type":"if","locations":[{"start":{"line":33,"column":4},"end":{"line":35,"column":5}},{"start":{},"end":{}}],"line":33}},"s":{"0":1,"1":1,"2":1,"3":1,"4":1,"5":1,"6":1,"7":1,"8":0,"9":1,"10":1,"11":1,"12":1,"13":0,"14":1,"15":1,"16":1,"17":1,"18":0,"19":1},"f":{"0":1,"1":1,"2":1},"b":{"0":[1,0],"1":[1,0],"2":[1,0]},"_coverageSchema":"1a1c01bbd47fc00a2c39e90264f33305004495a9","hash":"cd3ddebf384d098a88621159cd272605a56bc1a5"}
,"/Users/ritvik_mahajan/Documents/eval-2/src/services/companyServices.js": {"path":"/Users/ritvik_mahajan/Documents/eval-2/src/services/companyServices.js","statementMap":{"0":{"start":{"line":2,"column":14},"end":{"line":2,"column":39}},"1":{"start":{"line":3,"column":18},"end":{"line":3,"column":50}},"2":{"start":{"line":5,"column":20},"end":{"line":21,"column":1}},"3":{"start":{"line":7,"column":27},"end":{"line":7,"column":54}},"4":{"start":{"line":8,"column":4},"end":{"line":8,"column":43}},"5":{"start":{"line":10,"column":21},"end":{"line":10,"column":23}},"6":{"start":{"line":11,"column":4},"end":{"line":18,"column":5}},"7":{"start":{"line":11,"column":18},"end":{"line":11,"column":19}},"8":{"start":{"line":12,"column":20},"end":{"line":12,"column":22}},"9":{"start":{"line":14,"column":8},"end":{"line":14,"column":52}},"10":{"start":{"line":15,"column":8},"end":{"line":15,"column":49}},"11":{"start":{"line":16,"column":8},"end":{"line":16,"column":51}},"12":{"start":{"line":17,"column":8},"end":{"line":17,"column":27}},"13":{"start":{"line":20,"column":4},"end":{"line":20,"column":20}},"14":{"start":{"line":23,"column":27},"end":{"line":40,"column":1}},"15":{"start":{"line":24,"column":20},"end":{"line":31,"column":6}},"16":{"start":{"line":33,"column":15},"end":{"line":33,"column":16}},"17":{"start":{"line":34,"column":4},"end":{"line":38,"column":7}},"18":{"start":{"line":35,"column":21},"end":{"line":35,"column":36}},"19":{"start":{"line":36,"column":8},"end":{"line":36,"column":26}},"20":{"start":{"line":37,"column":8},"end":{"line":37,"column":15}},"21":{"start":{"line":39,"column":4},"end":{"line":39,"column":18}},"22":{"start":{"line":42,"column":22},"end":{"line":50,"column":1}},"23":{"start":{"line":43,"column":18},"end":{"line":43,"column":67}},"24":{"start":{"line":44,"column":4},"end":{"line":46,"column":5}},"25":{"start":{"line":45,"column":8},"end":{"line":45,"column":20}},"26":{"start":{"line":47,"column":4},"end":{"line":47,"column":46}},"27":{"start":{"line":48,"column":4},"end":{"line":48,"column":25}},"28":{"start":{"line":49,"column":4},"end":{"line":49,"column":19}},"29":{"start":{"line":52,"column":0},"end":{"line":56,"column":2}}},"fnMap":{"0":{"name":"(anonymous_0)","decl":{"start":{"line":5,"column":20},"end":{"line":5,"column":21}},"loc":{"start":{"line":5,"column":35},"end":{"line":21,"column":1}},"line":5},"1":{"name":"(anonymous_1)","decl":{"start":{"line":23,"column":27},"end":{"line":23,"column":28}},"loc":{"start":{"line":23,"column":44},"end":{"line":40,"column":1}},"line":23},"2":{"name":"(anonymous_2)","decl":{"start":{"line":34,"column":19},"end":{"line":34,"column":20}},"loc":{"start":{"line":34,"column":25},"end":{"line":38,"column":5}},"line":34},"3":{"name":"(anonymous_3)","decl":{"start":{"line":42,"column":22},"end":{"line":42,"column":23}},"loc":{"start":{"line":42,"column":51},"end":{"line":50,"column":1}},"line":42}},"branchMap":{"0":{"loc":{"start":{"line":44,"column":4},"end":{"line":46,"column":5}},"type":"if","locations":[{"start":{"line":44,"column":4},"end":{"line":46,"column":5}},{"start":{},"end":{}}],"line":44}},"s":{"0":2,"1":2,"2":2,"3":1,"4":1,"5":1,"6":1,"7":1,"8":1,"9":1,"10":1,"11":1,"12":1,"13":1,"14":2,"15":2,"16":2,"17":2,"18":1,"19":1,"20":1,"21":2,"22":2,"23":2,"24":2,"25":1,"26":1,"27":1,"28":1,"29":2},"f":{"0":1,"1":2,"2":1,"3":2},"b":{"0":[1,1]},"_coverageSchema":"1a1c01bbd47fc00a2c39e90264f33305004495a9","hash":"287c211abf337642f0c08b13d376ea14857ff623"}
}
